10-Aug-22 12:43:36 - ./watch_folder/7aad81c1-2eee-47a0-be7b-2a087d578d5d.pdf je kreiran!
10-Aug-22 12:43:41 - Tender vec postoji! Broj postupka: 1002-7-2-136-3-311/22
10-Aug-22 13:30:46 - ./watch_folder/975332f4-65a5-4eb0-b228-52c218f70003.pdf je kreiran!
10-Aug-22 13:30:59 - Tender vec postoji! Broj postupka: 1276-1-1-740-3-515/22
17-Aug-22 08:33:23 - ./watch_folder/ee4e97ee-ed76-4146-a889-520ac3575d31 (copy).pdf je kreiran!
17-Aug-22 08:33:24 - Nije nadjen broj postupka.
17-Aug-22 08:34:48 - ./watch_folder/ee4e97ee-ed76-4146-a889-520ac3575d31 (copy).pdf je kreiran!
17-Aug-22 08:34:49 - Nije nadjen broj postupka.
17-Aug-22 08:35:50 - ./watch_folder/.goutputstream-U88OQ1 je kreiran!
17-Aug-22 08:35:50 - [Errno 2] No such file or directory: './watch_folder/.goutputstream-U88OQ1'
17-Aug-22 08:36:04 - ./watch_folder/ee4e97ee-ed76-4146-a889-520ac3575d31 (copy).pdf je kreiran!
17-Aug-22 08:36:49 - Nije nadjen broj postupka.
17-Aug-22 08:37:26 - ./watch_folder/ee4e97ee-ed76-4146-a889-520ac3575d31 (copy).pdf je kreiran!
17-Aug-22 08:37:26 - Nije nadjen broj postupka.
19-Aug-22 14:39:21 - ./watch_folder/dodjela_ugovora.pdf je kreiran!
19-Aug-22 14:39:23 - 'tip_dokumenta'
19-Aug-22 14:39:49 - ./watch_folder/dodjela_ugovora.pdf je kreiran!
19-Aug-22 14:41:22 - ./watch_folder/dodjela_ugovora.pdf je kreiran!
20-Aug-22 08:05:40 - ./watch_folder/dodjela_ugovora.pdf je kreiran!
20-Aug-22 08:05:43 - 'tip_dokumenta'
20-Aug-22 08:06:33 - ./watch_folder/dodjela_ugovora.pdf je kreiran!
20-Aug-22 08:06:35 - 'tip_dokumenta'
20-Aug-22 08:08:29 - ./watch_folder/dodjela_ugovora.pdf je kreiran!
20-Aug-22 08:17:22 - ./watch_folder/dodjela_ugovora.pdf je kreiran!
20-Aug-22 08:18:23 - Nije nadjen broj postupka.
20-Aug-22 08:42:28 - ./watch_folder/dodjela_ugovora.pdf je kreiran!
20-Aug-22 08:43:09 - Nije nadjen broj postupka.
20-Aug-22 08:43:59 - ./watch_folder/dodjela_ugovora.pdf je kreiran!
20-Aug-22 08:44:14 - 'brojPostupka'
20-Aug-22 08:46:23 - ./watch_folder/dodjela_ugovora.pdf je kreiran!
20-Aug-22 08:47:17 - 'brojPostupka'
20-Aug-22 08:53:01 - ./watch_folder/dodjela_ugovora.pdf je kreiran!
20-Aug-22 08:53:19 - local variable 'tender_broj_postupka' referenced before assignment
20-Aug-22 09:02:20 - ./watch_folder/ee4e97ee-ed76-4146-a889-520ac3575d31.pdf je kreiran!
20-Aug-22 09:03:44 - ./watch_folder/45f5554f-3945-4944-9332-b859e7765043.pdf je kreiran!
20-Aug-22 09:09:38 - ./watch_folder/ee4e97ee-ed76-4146-a889-520ac3575d31.pdf je kreiran!
20-Aug-22 09:10:24 - ./watch_folder/ee4e97ee-ed76-4146-a889-520ac3575d31.pdf je kreiran!
20-Aug-22 09:11:07 - ./watch_folder/ee4e97ee-ed76-4146-a889-520ac3575d31.pdf je kreiran!
20-Aug-22 09:11:40 - ./watch_folder/45f5554f-3945-4944-9332-b859e7765043.pdf je kreiran!
20-Aug-22 09:12:09 - Tender vec postoji!
20-Aug-22 09:21:55 - ./watch_folder/Unconfirmed 148231.crdownload je kreiran!
20-Aug-22 09:21:55 - [Errno 2] No such file or directory: './watch_folder/Unconfirmed 148231.crdownload'
20-Aug-22 09:21:58 - ./watch_folder/Unconfirmed 148231.crdownload je kreiran!
20-Aug-22 09:21:58 - [Errno 2] No such file or directory: './watch_folder/Unconfirmed 148231.crdownload'
20-Aug-22 09:22:01 - ./watch_folder/ne_postoji.pdf je kreiran!
20-Aug-22 09:23:54 - Checking if account already exists...
20-Aug-22 12:49:59 - ./watch_folder/ne_postoji.pdf je kreiran!
20-Aug-22 12:50:48 - Checking if account already exists...
20-Aug-22 12:50:49 - Account does not exist.
20-Aug-22 12:50:49 - Adding new account...
20-Aug-22 12:50:50 - New account has been added: DOM ZDRAVLJA MOSTAR
20-Aug-22 12:50:56 - Adding new tender...
20-Aug-22 12:50:59 - New tender has been successfully added!
20-Aug-22 12:51:12 - Adding new document...
20-Aug-22 12:51:12 -     - Adding new attachment...
20-Aug-22 12:51:12 -     - Adding new document...
20-Aug-22 12:51:13 - New document has been successfully added!
20-Aug-22 12:51:55 - ./watch_folder/ne_postoji.pdf je kreiran!
20-Aug-22 12:52:15 - Checking if account already exists...
20-Aug-22 12:54:11 - ./watch_folder/postoji.pdf je kreiran!
20-Aug-22 12:54:19 - Tender vec postoji!
20-Aug-22 12:54:46 - ./watch_folder/ne_postoji.pdf je kreiran!
20-Aug-22 12:56:21 - ./watch_folder/ne_postoji.pdf je kreiran!
20-Aug-22 12:56:55 - ./watch_folder/ne_postoji.pdf je kreiran!
20-Aug-22 12:57:01 - Checking if account already exists...
20-Aug-22 13:16:07 - ./watch_folder/ne_postoji.pdf je kreiran!
20-Aug-22 13:16:16 - Checking if account already exists...
20-Aug-22 13:16:24 - Adding new tender...
20-Aug-22 13:16:27 - New tender has been successfully added!
20-Aug-22 13:16:29 - Adding new document...
20-Aug-22 13:16:29 -     - Adding new attachment...
20-Aug-22 13:16:34 - name 're' is not defined
20-Aug-22 13:17:45 - ./watch_folder/ne_postoji.pdf je kreiran!
20-Aug-22 13:17:51 - Checking if account already exists...
20-Aug-22 13:18:11 - Adding new tender...
20-Aug-22 13:18:14 - New tender has been successfully added!
20-Aug-22 13:18:18 - Adding new document...
20-Aug-22 13:18:21 -     - Adding new attachment...
20-Aug-22 13:19:21 - name 're' is not defined
20-Aug-22 13:19:57 - ./watch_folder/ne_postoji.pdf je kreiran!
20-Aug-22 13:20:01 - Checking if account already exists...
20-Aug-22 13:20:01 - Adding new tender...
20-Aug-22 13:20:04 - New tender has been successfully added!
20-Aug-22 13:20:07 - Adding new document...
20-Aug-22 13:20:08 -     - Adding new attachment...
20-Aug-22 13:22:18 - ./watch_folder/ne_postoji.pdf je kreiran!
20-Aug-22 13:22:25 - Tender vec postoji!
20-Aug-22 13:22:51 - ./watch_folder/ne_postoji.pdf je kreiran!
20-Aug-22 13:22:55 - Checking if account already exists...
20-Aug-22 13:22:59 - Adding new tender...
20-Aug-22 13:23:02 - New tender has been successfully added!
20-Aug-22 13:23:04 - Adding new document...
20-Aug-22 13:23:05 -     - Adding new attachment...
20-Aug-22 13:23:43 - ./watch_folder/ne_postoji.pdf je kreiran!
20-Aug-22 13:23:47 - Checking if account already exists...
20-Aug-22 13:23:47 - Adding new tender...
20-Aug-22 13:23:50 - New tender has been successfully added!
20-Aug-22 13:23:54 - Adding new document...
20-Aug-22 13:24:00 -     - Adding new attachment...
20-Aug-22 13:24:28 -     - Adding new document...
20-Aug-22 13:24:34 - New document has been successfully added!
20-Aug-22 13:26:46 - ./watch_folder/postoji.pdf je kreiran!
20-Aug-22 13:26:48 - Tender vec postoji!
20-Aug-22 13:29:00 - ./watch_folder/_synced_postoji.pdf je kreiran!
20-Aug-22 13:29:28 - ./watch_folder/_synced_postoji.pdf je kreiran!
22-Aug-22 08:28:46 - ./watch_folder/dodjela_ugovora.pdf je kreiran!
22-Aug-22 08:31:29 - ./watch_folder/dodjela_ugovora.pdf je kreiran!
22-Aug-22 08:31:57 - ./watch_folder/dodjela_ugovora.pdf je kreiran!
22-Aug-22 08:33:18 - ./watch_folder/dodjela_ugovora.pdf je kreiran!
22-Aug-22 08:35:08 - ./watch_folder/_synced_postoji.pdf je kreiran!
22-Aug-22 08:35:48 - ./watch_folder/_synced_postoji.pdf je kreiran!
22-Aug-22 08:36:13 - time data ' ANEKS A' does not match format '%d.%m.%Y. %H:%M'
22-Aug-22 08:38:02 - ./watch_folder/_synced_postoji.pdf je kreiran!
22-Aug-22 08:39:02 - ./watch_folder/dodjela_ugovora.pdf je kreiran!
22-Aug-22 08:44:57 - ./watch_folder/dodjela_ugovora.pdf je kreiran!
30-Aug-22 08:22:38 - /home/sandro/Dev/crm_tenderi_connector/watch_folder/dodjela_ugovora.pdf je kreiran!
30-Aug-22 08:24:36 - /home/sandro/Dev/crm_tenderi_connector/watch_folder/dodjela_ugovora.pdf je kreiran!
30-Aug-22 08:29:23 - /home/sandro/Dev/crm_tenderi_connector/watch_folder/_synced_postoji.pdf je kreiran!
30-Aug-22 08:29:51 - Invalid URL '127.0.0.1/api/v1/Tenderi?select=&where%5B0%5D%5Btype%5D=like&where%5B0%5D%5Battribute%5D=brojPostupka&where%5B0%5D%5Bvalue%5D=106-1-1-280-3-107%2F22&where%5B1%5D%5Btype%5D=equals&where%5B1%5D%5Battribute%5D=deleted&where%5B1%5D%5Bvalue%5D=0': No scheme supplied. Perhaps you meant http://127.0.0.1/api/v1/Tenderi?select=&where%5B0%5D%5Btype%5D=like&where%5B0%5D%5Battribute%5D=brojPostupka&where%5B0%5D%5Bvalue%5D=106-1-1-280-3-107%2F22&where%5B1%5D%5Btype%5D=equals&where%5B1%5D%5Battribute%5D=deleted&where%5B1%5D%5Bvalue%5D=0?
30-Aug-22 08:30:26 - /home/sandro/Dev/crm_tenderi_connector/watch_folder/_synced_postoji.pdf je kreiran!
30-Aug-22 08:31:19 - Invalid URL '127.0.0.1/api/v1/Tenderi?select=&where%5B0%5D%5Btype%5D=like&where%5B0%5D%5Battribute%5D=brojPostupka&where%5B0%5D%5Bvalue%5D=106-1-1-280-3-107%2F22&where%5B1%5D%5Btype%5D=equals&where%5B1%5D%5Battribute%5D=deleted&where%5B1%5D%5Bvalue%5D=0': No scheme supplied. Perhaps you meant http://127.0.0.1/api/v1/Tenderi?select=&where%5B0%5D%5Btype%5D=like&where%5B0%5D%5Battribute%5D=brojPostupka&where%5B0%5D%5Bvalue%5D=106-1-1-280-3-107%2F22&where%5B1%5D%5Btype%5D=equals&where%5B1%5D%5Battribute%5D=deleted&where%5B1%5D%5Bvalue%5D=0?
30-Aug-22 08:31:47 - /home/sandro/Dev/crm_tenderi_connector/watch_folder/_synced_postoji.pdf je kreiran!
30-Aug-22 08:32:02 - No connection adapters were found for '127.0.0.1:81/api/v1/Tenderi?select=&where%5B0%5D%5Btype%5D=like&where%5B0%5D%5Battribute%5D=brojPostupka&where%5B0%5D%5Bvalue%5D=106-1-1-280-3-107%2F22&where%5B1%5D%5Btype%5D=equals&where%5B1%5D%5Battribute%5D=deleted&where%5B1%5D%5Bvalue%5D=0'30-Aug-22 08:42:20 - /home/sandro/Dev/crm_tenderi_connector/watch_folder/_synced_postoji.pdf je kreiran!
30-Aug-22 08:43:48 - /home/sandro/Dev/crm_tenderi_connector/watch_folder/_synced_postoji.pdf je kreiran!
30-Aug-22 08:47:40 - /home/sandro/Dev/crm_tenderi_connector/watch_folder/_synced_postoji.pdf je kreiran!
30-Aug-22 08:56:37 - /home/sandro/Dev/crm_tenderi_connector/watch_folder/_synced_ne_postoji.pdf je kreiran!
30-Aug-22 08:56:56 - /home/sandro/Dev/crm_tenderi_connector/watch_folder/_synced_postoji.pdf je kreiran!
30-Aug-22 08:57:07 - /home/sandro/Dev/crm_tenderi_connector/watch_folder/_synced_ne_postoji.pdf je kreiran!
30-Aug-22 08:57:08 - Checking if account already exists...
30-Aug-22 08:57:10 - Adding new tender...
30-Aug-22 08:57:24 - New tender has been successfully added!
30-Aug-22 08:57:24 - Adding new document...
30-Aug-22 08:57:24 -     - Adding new attachment...
30-Aug-22 08:57:25 -     - Adding new document...
30-Aug-22 08:57:26 - New document has been successfully added!
30-Aug-22 09:05:26 - /var/www/html/crm_new/data/upload/630db6b39718ec52c je kreiran!
30-Aug-22 09:05:28 - 'brojPostupka'
30-Aug-22 09:07:11 - /home/sandro/Dev/crm_tenderi_connector/watch_folder/d7c0ced2-6e9d-422c-8bf0-83edb6d19451.pdf je kreiran!
30-Aug-22 09:07:13 - 'brojPostupka'
30-Aug-22 09:07:50 - /home/sandro/Dev/crm_tenderi_connector/watch_folder/d7c0ced2-6e9d-422c-8bf0-83edb6d19451.pdf je kreiran!
30-Aug-22 09:09:36 - /home/sandro/Dev/crm_tenderi_connector/watch_folder/d7c0ced2-6e9d-422c-8bf0-83edb6d19451.pdf je kreiran!
30-Aug-22 09:10:43 - /home/sandro/Dev/crm_tenderi_connector/watch_folder/d7c0ced2-6e9d-422c-8bf0-83edb6d19451.pdf je kreiran!
30-Aug-22 09:10:45 - 'builtin_function_or_method' object has no attribute 'startswith'
30-Aug-22 09:11:01 - /home/sandro/Dev/crm_tenderi_connector/watch_folder/d7c0ced2-6e9d-422c-8bf0-83edb6d19451.pdf je kreiran!
30-Aug-22 09:18:15 - /var/www/html/crm_new/data/upload/630db9b462e7d3f66 je kreiran!
30-Aug-22 09:18:17 - [Errno 13] Permission denied: '/var/www/html/crm_new/data/upload/630db9b462e7d3f66' -> '/var/www/html/crm_new/data/upload/_synced_630db9b462e7d3f66'
30-Aug-22 09:20:44 - /var/www/html/crm_new/data/upload/630dba495174af3e4 je kreiran!
30-Aug-22 09:20:45 - [Errno 13] Permission denied: '/var/www/html/crm_new/data/upload/630dba495174af3e4' -> '/var/www/html/crm_new/data/upload/_synced_630dba495174af3e4'
30-Aug-22 11:56:37 - /var/www/html/crm_new/data/upload/630dded2335fe1a0c je kreiran!
30-Aug-22 12:01:31 - /var/www/html/crm_new/data/upload/630ddff6cb4570d61 je kreiran!
30-Aug-22 12:07:00 - /var/www/html/crm_new/data/upload/630de141b6667853a je kreiran!
30-Aug-22 12:08:20 - /var/www/html/crm_new/data/upload/630de1911538815ce je kreiran!
30-Aug-22 12:08:21 - Tender vec postoji! 36-7-2-8-3-11/22
30-Aug-22 12:08:51 - /var/www/html/crm_new/data/upload/630de1b0e16c463ef je kreiran!
30-Aug-22 12:08:53 - Tender vec postoji! 1157-1-2-257-3-294/22
30-Aug-22 12:11:28 - /var/www/html/crm_new/data/upload/630de24d5adb5fd3d je kreiran!
30-Aug-22 12:11:29 - Checking if account already exists...
30-Aug-22 12:11:30 - Adding new tender...
30-Aug-22 12:11:35 - New tender has been successfully added!
30-Aug-22 12:11:35 - Adding new document...
30-Aug-22 12:11:35 -     - Adding new attachment...
30-Aug-22 12:11:36 -     - Adding new document...
30-Aug-22 12:11:37 - New document has been successfully added!
30-Aug-22 12:11:40 - /var/www/html/crm_new/data/upload/630de257c5062f4a8 je kreiran!
30-Aug-22 12:11:42 - Tender vec postoji! 186-7-1-275-3-41/22
30-Aug-22 13:47:18 - /var/www/html/crm_new/data/upload/630df8c3cac80f7b0 je kreiran!
30-Aug-22 13:48:55 - Tender vec postoji! 36-7-2-8-3-11/22
30-Aug-22 13:51:55 - /var/www/html/crm_new/data/upload/630df9d812cf1719e je kreiran!
30-Aug-22 13:52:05 - Checking if account already exists...
30-Aug-22 13:52:05 - Adding new tender...
30-Aug-22 13:52:10 - New tender has been successfully added!
30-Aug-22 13:52:25 - Adding new document...
30-Aug-22 13:53:53 -     - Adding new attachment...
30-Aug-22 13:57:31 - /var/www/html/crm_new/data/upload/630df9d812cf1719e je kreiran!
30-Aug-22 13:57:35 - Tender vec postoji! 1179-7-1-235-3-158/22
30-Aug-22 13:59:04 - /var/www/html/crm_new/data/upload/630df9d812cf1719e je kreiran!
30-Aug-22 13:59:40 - Checking if account already exists...
30-Aug-22 13:59:41 - Adding new tender...
30-Aug-22 13:59:45 - New tender has been successfully added!
30-Aug-22 14:00:06 - Adding new document...
30-Aug-22 14:00:06 -     - Adding new attachment...
30-Aug-22 14:04:11 - Wrong request, status code is 414, reason is Unknown Error
30-Aug-22 14:42:06 - /var/www/html/crm_new/data/upload/630e059b203f91cd8 je kreiran!
30-Aug-22 14:42:14 - Tender vec postoji! 1179-7-1-235-3-158/22
30-Aug-22 14:43:54 - /var/www/html/crm_new/data/upload/630e05f05602fe81c je kreiran!
30-Aug-22 14:43:57 - Checking if account already exists...
30-Aug-22 14:43:57 - Adding new tender...
30-Aug-22 14:44:01 - New tender has been successfully added!
30-Aug-22 14:44:07 - Adding new document...
30-Aug-22 14:44:07 -     - Adding new attachment...
30-Aug-22 14:44:23 - Wrong request, status code is 414, reason is Unknown Error
30-Aug-22 14:46:05 - /var/www/html/crm_new/data/upload/630e068a3f36cc5c9 je kreiran!
30-Aug-22 14:46:06 - Checking if account already exists...
30-Aug-22 14:46:06 - Adding new tender...
30-Aug-22 14:46:11 - New tender has been successfully added!
30-Aug-22 14:46:11 - Adding new document...
30-Aug-22 14:46:11 -     - Adding new attachment...
30-Aug-22 14:46:11 -     - Adding new document...
30-Aug-22 14:46:12 - New document has been successfully added!
05-Sep-22 08:58:49 - /var/www/html/crm_new/data/upload/63159e267cc69b386 je kreiran!
05-Sep-22 08:59:23 - Tender vec postoji! 1179-7-1-235-3-158/22
05-Sep-22 09:02:33 - /var/www/html/crm_new/data/upload/63159efdd18d8a62a je kreiran!
05-Sep-22 09:04:57 - /var/www/html/crm_new/data/upload/63159f875ace8648e je kreiran!
05-Sep-22 09:07:43 - Checking if account already exists...
05-Sep-22 09:08:50 - Adding new tender...
05-Sep-22 09:08:56 - New tender has been successfully added!
05-Sep-22 09:17:34 - /var/www/html/crm_new/data/upload/6315a28b8e04286fc je kreiran!
05-Sep-22 09:18:12 - Checking if account already exists...
05-Sep-22 09:19:01 - Adding new tender...
05-Sep-22 09:19:08 - New tender has been successfully added!
05-Sep-22 09:19:55 - 'id'
08-Sep-22 10:24:24 - /var/www/html/crm_new/data/upload/7645361e-7062-4155-8526-06fae789ced4.pdf je kreiran!
08-Sep-22 10:24:45 - Checking if account already exists...
08-Sep-22 10:25:10 - Adding new tender...
08-Sep-22 10:25:19 - New tender has been successfully added!
08-Sep-22 10:26:17 - 'id'
08-Sep-22 10:33:43 - /var/www/html/crm_new/data/upload/6319a8e4731cb331f je kreiran!
08-Sep-22 10:33:52 - Checking if account already exists...
08-Sep-22 10:33:53 - Adding new tender...
08-Sep-22 10:33:53 - New tender has been successfully added!
08-Sep-22 10:34:10 - list index out of range
08-Sep-22 10:35:54 - /var/www/html/crm_new/data/upload/6319a967950169dd7 je kreiran!
08-Sep-22 10:35:56 - Checking if account already exists...
08-Sep-22 10:35:56 - Adding new tender...
08-Sep-22 10:35:57 - New tender has been successfully added!
08-Sep-22 10:37:27 - list index out of range
08-Sep-22 10:39:57 - /var/www/html/crm_new/data/upload/6319aa5a65ec5fab7 je kreiran!
08-Sep-22 10:39:59 - Tender vec postoji! 393-7-1-26-3-29/22
08-Sep-22 10:40:44 - /var/www/html/crm_new/data/upload/6319aa89576aa351e je kreiran!
08-Sep-22 10:40:46 - Checking if account already exists...
08-Sep-22 10:40:46 - Adding new tender...
08-Sep-22 10:40:49 - New tender has been successfully added!
08-Sep-22 10:42:35 - /var/www/html/crm_new/data/upload/6319aaf8adc1ca762 je kreiran!
08-Sep-22 10:42:37 - Checking if account already exists...
08-Sep-22 10:42:38 - Adding new tender...
08-Sep-22 10:42:39 - New tender has been successfully added!
08-Sep-22 10:43:11 - list index out of range
08-Sep-22 10:44:25 - /var/www/html/crm_new/data/upload/6319ab669228813d0 je kreiran!
08-Sep-22 10:44:28 - Checking if account already exists...
08-Sep-22 10:44:29 - Adding new tender...
08-Sep-22 10:44:30 - New tender has been successfully added!
08-Sep-22 10:46:06 - list index out of range
